COBI Studio Modern Log File 2.2	1.3.8381.29180
Start Time:	Fri Jul 07 20:23:18.086 2023
Files:
C:\Users\churl\Desktop\Intern\Application\data\@_0_230707_202318\@_0_230707_202318_Dev1_P1_Sub0.nir
C:\Users\churl\Desktop\Intern\Application\data\@_0_230707_202318\@_0_230707_202318_Dev1_P1_Sub0.oxy
C:\Users\churl\Desktop\Intern\Application\data\@_0_230707_202318\@_0_230707_202318.log

Devices:
Device 1 (Model 2000C Simulator)	Id: 44353	v1.0

Data Sources:
Device 1 (Model 2000C Simulator)	P1:SD 	

Marker Sources:

Broadcasts:
Broadcast 1 - From Device 1 (Model 2000C Simulator), To Network	Protocol: TCP	PortNumber: 6343	SendLightData: True	SendOxyData: False




Experimenter:
@

ExperimentID:
0

Participants:
Source	SubjectID	Age	Gender
All	0		

Description:
Quick access to record data was selected!


Comments:


FinalComments:


Flagged:


Marker Dictionary:
Source	Value	Description


Finalized successfully
